2025-11-05 17:48:17 - Chargement de la configuration utilisateur...
2025-11-05 17:48:18 - ✓ Owner GitHub détecté : bdelnoz
2025-11-05 17:48:18 - ╔════════════════════════════════════════════════════════════════════════════╗
2025-11-05 17:48:18 - ║             VÉRIFICATION DES PRÉREQUIS SYSTÈME                            ║
2025-11-05 17:48:18 - ╚════════════════════════════════════════════════════════════════════════════╝
2025-11-05 17:48:18 - [1/3] Vérification de Git...
2025-11-05 17:48:18 - ✓ Git détecté : git version 2.51.0
2025-11-05 17:48:18 - [2/3] Vérification de GitHub CLI (gh)...
2025-11-05 17:48:18 - ✓ GitHub CLI détecté : gh version 2.46.0 (2025-01-13 Debian 2.46.0-3)
2025-11-05 17:48:18 - [3/3] Vérification de l'authentification GitHub...
2025-11-05 17:48:19 - ✓ Authentification GitHub active
2025-11-05 17:48:19 - ════════════════════════════════════════════════════════════════════════════
2025-11-05 17:48:19 - ✓ TOUS LES PRÉREQUIS SONT SATISFAITS
2025-11-05 17:48:19 - ════════════════════════════════════════════════════════════════════════════
2025-11-05 17:48:19 - ╔════════════════════════════════════════════════════════════════════════════╗
2025-11-05 17:48:19 - ║                    CRÉATION DU DÉPÔT GIT COMPLET                          ║
2025-11-05 17:48:19 - ╚════════════════════════════════════════════════════════════════════════════╝
2025-11-05 17:48:19 - Validation du nom du dépôt : 'iptables'
2025-11-05 17:48:19 - ✓ Nom du dépôt valide
2025-11-05 17:48:19 - [1/9] Création du répertoire local : /mnt/data2_78g/Security/scripts/iptables
2025-11-05 17:48:19 - ✓ Répertoire local créé et accessible
2025-11-05 17:48:19 - [2/9] Nettoyage du dépôt Git existant (si présent)...
2025-11-05 17:48:19 - Nettoyage du dépôt Git existant...
2025-11-05 17:48:19 - → Aucun dépôt Git existant détecté
2025-11-05 17:48:19 - [3/9] Initialisation du nouveau dépôt Git local...
2025-11-05 17:48:19 - ✓ Dépôt Git initialisé
2025-11-05 17:48:19 - [4/9] Création des fichiers de base...
2025-11-05 17:48:19 - → Aucun template spécifié, création d'un README.md basique
2025-11-05 17:48:19 - ✓ Fichiers créés
2025-11-05 17:48:19 - [5/9] Création du commit initial...
